{"C:\\workspace\\jrcshw\\client\\src\\App.js": {"path":"C:\\workspace\\jrcshw\\client\\src\\App.js","statementMap":{"0":{"start":{"line":5,"column":12},"end":{"line":9,"column":1}},"1":{"start":{"line":6,"column":4},"end":{"line":8,"column":10}}},"fnMap":{"0":{"name":"(anonymous_0)","decl":{"start":{"line":5,"column":12},"end":{"line":5,"column":13}},"loc":{"start":{"line":6,"column":4},"end":{"line":8,"column":10}},"line":6}},"branchMap":{},"s":{"0":1,"1":0},"f":{"0":0},"b":{},"_coverageSchema":"43e27e138ebf9cfc5966b082cf9a028302ed4184","hash":"be860e760b97d0d7c5fac14bbb886b0cbb533315"}
,"C:\\workspace\\jrcshw\\client\\src\\index.js": {"path":"C:\\workspace\\jrcshw\\client\\src\\index.js","statementMap":{"0":{"start":{"line":12,"column":15},"end":{"line":21,"column":1}},"1":{"start":{"line":13,"column":4},"end":{"line":13,"column":15}},"2":{"start":{"line":14,"column":4},"end":{"line":20,"column":39}},"3":{"start":{"line":22,"column":0},"end":{"line":22,"column":9}},"4":{"start":{"line":23,"column":0},"end":{"line":23,"column":24}},"5":{"start":{"line":26,"column":4},"end":{"line":26,"column":77}},"6":{"start":{"line":27,"column":4},"end":{"line":27,"column":34}},"7":{"start":{"line":33,"column":0},"end":{"line":33,"column":27}}},"fnMap":{"0":{"name":"(anonymous_0)","decl":{"start":{"line":12,"column":15},"end":{"line":12,"column":16}},"loc":{"start":{"line":12,"column":21},"end":{"line":21,"column":1}},"line":12},"1":{"name":"stateLog","decl":{"start":{"line":25,"column":9},"end":{"line":25,"column":17}},"loc":{"start":{"line":25,"column":19},"end":{"line":28,"column":1}},"line":25}},"branchMap":{},"s":{"0":0,"1":0,"2":0,"3":0,"4":0,"5":0,"6":0,"7":0},"f":{"0":0,"1":0},"b":{},"hash":"85b02639db2c1010b069666b0e57c07e91366f54"}
,"C:\\workspace\\jrcshw\\client\\src\\serviceWorker.js": {"path":"C:\\workspace\\jrcshw\\client\\src\\serviceWorker.js","statementMap":{"0":{"start":{"line":13,"column":20},"end":{"line":21,"column":1}},"1":{"start":{"line":24,"column":2},"end":{"line":54,"column":3}},"2":{"start":{"line":26,"column":22},"end":{"line":26,"column":75}},"3":{"start":{"line":27,"column":4},"end":{"line":32,"column":5}},"4":{"start":{"line":31,"column":6},"end":{"line":31,"column":13}},"5":{"start":{"line":34,"column":4},"end":{"line":53,"column":7}},"6":{"start":{"line":35,"column":20},"end":{"line":35,"column":65}},"7":{"start":{"line":37,"column":6},"end":{"line":52,"column":7}},"8":{"start":{"line":39,"column":8},"end":{"line":39,"column":47}},"9":{"start":{"line":43,"column":8},"end":{"line":48,"column":11}},"10":{"start":{"line":44,"column":10},"end":{"line":47,"column":12}},"11":{"start":{"line":51,"column":8},"end":{"line":51,"column":39}},"12":{"start":{"line":58,"column":2},"end":{"line":98,"column":7}},"13":{"start":{"line":61,"column":6},"end":{"line":94,"column":8}},"14":{"start":{"line":62,"column":33},"end":{"line":62,"column":56}},"15":{"start":{"line":63,"column":8},"end":{"line":65,"column":9}},"16":{"start":{"line":64,"column":10},"end":{"line":64,"column":17}},"17":{"start":{"line":66,"column":8},"end":{"line":93,"column":10}},"18":{"start":{"line":67,"column":10},"end":{"line":92,"column":11}},"19":{"start":{"line":68,"column":12},"end":{"line":91,"column":13}},"20":{"start":{"line":72,"column":14},"end":{"line":75,"column":16}},"21":{"start":{"line":78,"column":14},"end":{"line":80,"column":15}},"22":{"start":{"line":79,"column":16},"end":{"line":79,"column":46}},"23":{"start":{"line":85,"column":14},"end":{"line":85,"column":64}},"24":{"start":{"line":88,"column":14},"end":{"line":90,"column":15}},"25":{"start":{"line":89,"column":16},"end":{"line":89,"column":47}},"26":{"start":{"line":97,"column":6},"end":{"line":97,"column":72}},"27":{"start":{"line":103,"column":2},"end":{"line":126,"column":7}},"28":{"start":{"line":106,"column":26},"end":{"line":106,"column":62}},"29":{"start":{"line":107,"column":6},"end":{"line":120,"column":7}},"30":{"start":{"line":112,"column":8},"end":{"line":116,"column":11}},"31":{"start":{"line":113,"column":10},"end":{"line":115,"column":13}},"32":{"start":{"line":114,"column":12},"end":{"line":114,"column":37}},"33":{"start":{"line":119,"column":8},"end":{"line":119,"column":39}},"34":{"start":{"line":123,"column":6},"end":{"line":125,"column":8}},"35":{"start":{"line":130,"column":2},"end":{"line":134,"column":3}},"36":{"start":{"line":131,"column":4},"end":{"line":133,"column":7}},"37":{"start":{"line":132,"column":6},"end":{"line":132,"column":32}}},"fnMap":{"0":{"name":"register","decl":{"start":{"line":23,"column":16},"end":{"line":23,"column":24}},"loc":{"start":{"line":23,"column":33},"end":{"line":55,"column":1}},"line":23},"1":{"name":"(anonymous_1)","decl":{"start":{"line":34,"column":36},"end":{"line":34,"column":37}},"loc":{"start":{"line":34,"column":42},"end":{"line":53,"column":5}},"line":34},"2":{"name":"(anonymous_2)","decl":{"start":{"line":43,"column":43},"end":{"line":43,"column":44}},"loc":{"start":{"line":43,"column":49},"end":{"line":48,"column":9}},"line":43},"3":{"name":"registerValidSW","decl":{"start":{"line":57,"column":9},"end":{"line":57,"column":24}},"loc":{"start":{"line":57,"column":40},"end":{"line":99,"column":1}},"line":57},"4":{"name":"(anonymous_4)","decl":{"start":{"line":60,"column":10},"end":{"line":60,"column":11}},"loc":{"start":{"line":60,"column":26},"end":{"line":95,"column":5}},"line":60},"5":{"name":"(anonymous_5)","decl":{"start":{"line":61,"column":35},"end":{"line":61,"column":36}},"loc":{"start":{"line":61,"column":41},"end":{"line":94,"column":7}},"line":61},"6":{"name":"(anonymous_6)","decl":{"start":{"line":66,"column":41},"end":{"line":66,"column":42}},"loc":{"start":{"line":66,"column":47},"end":{"line":93,"column":9}},"line":66},"7":{"name":"(anonymous_7)","decl":{"start":{"line":96,"column":11},"end":{"line":96,"column":12}},"loc":{"start":{"line":96,"column":20},"end":{"line":98,"column":5}},"line":96},"8":{"name":"checkValidServiceWorker","decl":{"start":{"line":101,"column":9},"end":{"line":101,"column":32}},"loc":{"start":{"line":101,"column":48},"end":{"line":127,"column":1}},"line":101},"9":{"name":"(anonymous_9)","decl":{"start":{"line":104,"column":10},"end":{"line":104,"column":11}},"loc":{"start":{"line":104,"column":22},"end":{"line":121,"column":5}},"line":104},"10":{"name":"(anonymous_10)","decl":{"start":{"line":112,"column":43},"end":{"line":112,"column":44}},"loc":{"start":{"line":112,"column":59},"end":{"line":116,"column":9}},"line":112},"11":{"name":"(anonymous_11)","decl":{"start":{"line":113,"column":41},"end":{"line":113,"column":42}},"loc":{"start":{"line":113,"column":47},"end":{"line":115,"column":11}},"line":113},"12":{"name":"(anonymous_12)","decl":{"start":{"line":122,"column":11},"end":{"line":122,"column":12}},"loc":{"start":{"line":122,"column":17},"end":{"line":126,"column":5}},"line":122},"13":{"name":"unregister","decl":{"start":{"line":129,"column":16},"end":{"line":129,"column":26}},"loc":{"start":{"line":129,"column":29},"end":{"line":135,"column":1}},"line":129},"14":{"name":"(anonymous_14)","decl":{"start":{"line":131,"column":39},"end":{"line":131,"column":40}},"loc":{"start":{"line":131,"column":55},"end":{"line":133,"column":5}},"line":131}},"branchMap":{"0":{"loc":{"start":{"line":14,"column":2},"end":{"line":20,"column":5}},"type":"binary-expr","locations":[{"start":{"line":14,"column":2},"end":{"line":14,"column":42}},{"start":{"line":16,"column":4},"end":{"line":16,"column":40}},{"start":{"line":18,"column":4},"end":{"line":20,"column":5}}],"line":14},"1":{"loc":{"start":{"line":24,"column":2},"end":{"line":54,"column":3}},"type":"if","locations":[{"start":{"line":24,"column":2},"end":{"line":54,"column":3}},{"start":{"line":24,"column":2},"end":{"line":54,"column":3}}],"line":24},"2":{"loc":{"start":{"line":24,"column":6},"end":{"line":24,"column":75}},"type":"binary-expr","locations":[{"start":{"line":24,"column":6},"end":{"line":24,"column":43}},{"start":{"line":24,"column":47},"end":{"line":24,"column":75}}],"line":24},"3":{"loc":{"start":{"line":27,"column":4},"end":{"line":32,"column":5}},"type":"if","locations":[{"start":{"line":27,"column":4},"end":{"line":32,"column":5}},{"start":{"line":27,"column":4},"end":{"line":32,"column":5}}],"line":27},"4":{"loc":{"start":{"line":37,"column":6},"end":{"line":52,"column":7}},"type":"if","locations":[{"start":{"line":37,"column":6},"end":{"line":52,"column":7}},{"start":{"line":37,"column":6},"end":{"line":52,"column":7}}],"line":37},"5":{"loc":{"start":{"line":63,"column":8},"end":{"line":65,"column":9}},"type":"if","locations":[{"start":{"line":63,"column":8},"end":{"line":65,"column":9}},{"start":{"line":63,"column":8},"end":{"line":65,"column":9}}],"line":63},"6":{"loc":{"start":{"line":67,"column":10},"end":{"line":92,"column":11}},"type":"if","locations":[{"start":{"line":67,"column":10},"end":{"line":92,"column":11}},{"start":{"line":67,"column":10},"end":{"line":92,"column":11}}],"line":67},"7":{"loc":{"start":{"line":68,"column":12},"end":{"line":91,"column":13}},"type":"if","locations":[{"start":{"line":68,"column":12},"end":{"line":91,"column":13}},{"start":{"line":68,"column":12},"end":{"line":91,"column":13}}],"line":68},"8":{"loc":{"start":{"line":78,"column":14},"end":{"line":80,"column":15}},"type":"if","locations":[{"start":{"line":78,"column":14},"end":{"line":80,"column":15}},{"start":{"line":78,"column":14},"end":{"line":80,"column":15}}],"line":78},"9":{"loc":{"start":{"line":78,"column":18},"end":{"line":78,"column":43}},"type":"binary-expr","locations":[{"start":{"line":78,"column":18},"end":{"line":78,"column":24}},{"start":{"line":78,"column":28},"end":{"line":78,"column":43}}],"line":78},"10":{"loc":{"start":{"line":88,"column":14},"end":{"line":90,"column":15}},"type":"if","locations":[{"start":{"line":88,"column":14},"end":{"line":90,"column":15}},{"start":{"line":88,"column":14},"end":{"line":90,"column":15}}],"line":88},"11":{"loc":{"start":{"line":88,"column":18},"end":{"line":88,"column":44}},"type":"binary-expr","locations":[{"start":{"line":88,"column":18},"end":{"line":88,"column":24}},{"start":{"line":88,"column":28},"end":{"line":88,"column":44}}],"line":88},"12":{"loc":{"start":{"line":107,"column":6},"end":{"line":120,"column":7}},"type":"if","locations":[{"start":{"line":107,"column":6},"end":{"line":120,"column":7}},{"start":{"line":107,"column":6},"end":{"line":120,"column":7}}],"line":107},"13":{"loc":{"start":{"line":108,"column":8},"end":{"line":109,"column":73}},"type":"binary-expr","locations":[{"start":{"line":108,"column":8},"end":{"line":108,"column":31}},{"start":{"line":109,"column":9},"end":{"line":109,"column":28}},{"start":{"line":109,"column":32},"end":{"line":109,"column":72}}],"line":108},"14":{"loc":{"start":{"line":130,"column":2},"end":{"line":134,"column":3}},"type":"if","locations":[{"start":{"line":130,"column":2},"end":{"line":134,"column":3}},{"start":{"line":130,"column":2},"end":{"line":134,"column":3}}],"line":130}},"s":{"0":0,"1":0,"2":0,"3":0,"4":0,"5":0,"6":0,"7":0,"8":0,"9":0,"10":0,"11":0,"12":0,"13":0,"14":0,"15":0,"16":0,"17":0,"18":0,"19":0,"20":0,"21":0,"22":0,"23":0,"24":0,"25":0,"26":0,"27":0,"28":0,"29":0,"30":0,"31":0,"32":0,"33":0,"34":0,"35":0,"36":0,"37":0},"f":{"0":0,"1":0,"2":0,"3":0,"4":0,"5":0,"6":0,"7":0,"8":0,"9":0,"10":0,"11":0,"12":0,"13":0,"14":0},"b":{"0":[0,0,0],"1":[0,0],"2":[0,0],"3":[0,0],"4":[0,0],"5":[0,0],"6":[0,0],"7":[0,0],"8":[0,0],"9":[0,0],"10":[0,0],"11":[0,0],"12":[0,0],"13":[0,0,0],"14":[0,0]},"hash":"32aafdfffb6aa83ebd03e5e08a3a5108db3be2d6"}
,"C:\\workspace\\jrcshw\\client\\src\\actions\\index.js": {"path":"C:\\workspace\\jrcshw\\client\\src\\actions\\index.js","statementMap":{"0":{"start":{"line":5,"column":31},"end":{"line":8,"column":2}},"1":{"start":{"line":5,"column":42},"end":{"line":8,"column":1}},"2":{"start":{"line":10,"column":25},"end":{"line":16,"column":2}},"3":{"start":{"line":10,"column":59},"end":{"line":16,"column":1}},"4":{"start":{"line":18,"column":27},"end":{"line":24,"column":2}},"5":{"start":{"line":18,"column":53},"end":{"line":24,"column":1}},"6":{"start":{"line":27,"column":24},"end":{"line":33,"column":2}},"7":{"start":{"line":27,"column":58},"end":{"line":33,"column":1}},"8":{"start":{"line":35,"column":26},"end":{"line":41,"column":2}},"9":{"start":{"line":35,"column":52},"end":{"line":41,"column":1}}},"fnMap":{"0":{"name":"(anonymous_0)","decl":{"start":{"line":5,"column":31},"end":{"line":5,"column":32}},"loc":{"start":{"line":5,"column":42},"end":{"line":8,"column":1}},"line":5},"1":{"name":"(anonymous_1)","decl":{"start":{"line":10,"column":25},"end":{"line":10,"column":26}},"loc":{"start":{"line":10,"column":59},"end":{"line":16,"column":1}},"line":10},"2":{"name":"(anonymous_2)","decl":{"start":{"line":18,"column":27},"end":{"line":18,"column":28}},"loc":{"start":{"line":18,"column":53},"end":{"line":24,"column":1}},"line":18},"3":{"name":"(anonymous_3)","decl":{"start":{"line":27,"column":24},"end":{"line":27,"column":25}},"loc":{"start":{"line":27,"column":58},"end":{"line":33,"column":1}},"line":27},"4":{"name":"(anonymous_4)","decl":{"start":{"line":35,"column":26},"end":{"line":35,"column":27}},"loc":{"start":{"line":35,"column":52},"end":{"line":41,"column":1}},"line":35}},"branchMap":{},"s":{"0":1,"1":0,"2":1,"3":0,"4":1,"5":0,"6":1,"7":0,"8":1,"9":0},"f":{"0":0,"1":0,"2":0,"3":0,"4":0},"b":{},"_coverageSchema":"43e27e138ebf9cfc5966b082cf9a028302ed4184","hash":"4850f9cce0857b4e98b82554c4db51925176c730"}
,"C:\\workspace\\jrcshw\\client\\src\\components\\Empty.js": {"path":"C:\\workspace\\jrcshw\\client\\src\\components\\Empty.js","statementMap":{"0":{"start":{"line":10,"column":14},"end":{"line":25,"column":1}},"1":{"start":{"line":11,"column":20},"end":{"line":11,"column":36}},"2":{"start":{"line":12,"column":17},"end":{"line":12,"column":25}},"3":{"start":{"line":13,"column":4},"end":{"line":13,"column":26}},"4":{"start":{"line":14,"column":25},"end":{"line":14,"column":36}},"5":{"start":{"line":15,"column":4},"end":{"line":15,"column":51}},"6":{"start":{"line":18,"column":4},"end":{"line":24,"column":6}}},"fnMap":{"0":{"name":"(anonymous_0)","decl":{"start":{"line":10,"column":14},"end":{"line":10,"column":15}},"loc":{"start":{"line":10,"column":20},"end":{"line":25,"column":1}},"line":10}},"branchMap":{},"s":{"0":1,"1":0,"2":0,"3":0,"4":0,"5":0,"6":0},"f":{"0":0},"b":{},"_coverageSchema":"43e27e138ebf9cfc5966b082cf9a028302ed4184","hash":"3c5e18e7c397fdfdbf505847d72ba0a8b0a02d04"}
,"C:\\workspace\\jrcshw\\client\\src\\components\\Main.js": {"path":"C:\\workspace\\jrcshw\\client\\src\\components\\Main.js","statementMap":{"0":{"start":{"line":8,"column":13},"end":{"line":33,"column":1}},"1":{"start":{"line":10,"column":4},"end":{"line":10,"column":51}},"2":{"start":{"line":11,"column":30},"end":{"line":27,"column":5}},"3":{"start":{"line":12,"column":8},"end":{"line":26,"column":9}},"4":{"start":{"line":13,"column":12},"end":{"line":18,"column":14}},"5":{"start":{"line":20,"column":12},"end":{"line":25,"column":14}},"6":{"start":{"line":28,"column":4},"end":{"line":32,"column":6}}},"fnMap":{"0":{"name":"(anonymous_0)","decl":{"start":{"line":8,"column":13},"end":{"line":8,"column":14}},"loc":{"start":{"line":8,"column":41},"end":{"line":33,"column":1}},"line":8},"1":{"name":"(anonymous_1)","decl":{"start":{"line":11,"column":30},"end":{"line":11,"column":31}},"loc":{"start":{"line":11,"column":36},"end":{"line":27,"column":5}},"line":11}},"branchMap":{"0":{"loc":{"start":{"line":12,"column":8},"end":{"line":26,"column":9}},"type":"if","locations":[{"start":{"line":12,"column":8},"end":{"line":26,"column":9}},{"start":{"line":12,"column":8},"end":{"line":26,"column":9}}],"line":12}},"s":{"0":1,"1":0,"2":0,"3":0,"4":0,"5":0,"6":0},"f":{"0":0,"1":0},"b":{"0":[0,0]},"_coverageSchema":"43e27e138ebf9cfc5966b082cf9a028302ed4184","hash":"8f86a7718d8adb4f0d351ad5244e3c8375ddefe7"}
,"C:\\workspace\\jrcshw\\client\\src\\components\\Menu.js": {"path":"C:\\workspace\\jrcshw\\client\\src\\components\\Menu.js","statementMap":{"0":{"start":{"line":7,"column":13},"end":{"line":26,"column":1}},"1":{"start":{"line":9,"column":30},"end":{"line":9,"column":34}},"2":{"start":{"line":11,"column":4},"end":{"line":20,"column":6}},"3":{"start":{"line":23,"column":8},"end":{"line":23,"column":40}},"4":{"start":{"line":24,"column":8},"end":{"line":24,"column":47}}},"fnMap":{"0":{"name":"(anonymous_0)","decl":{"start":{"line":7,"column":13},"end":{"line":7,"column":14}},"loc":{"start":{"line":7,"column":27},"end":{"line":26,"column":1}},"line":7},"1":{"name":"handleMenuClick","decl":{"start":{"line":22,"column":13},"end":{"line":22,"column":28}},"loc":{"start":{"line":22,"column":41},"end":{"line":25,"column":5}},"line":22}},"branchMap":{},"s":{"0":1,"1":0,"2":0,"3":0,"4":0},"f":{"0":0,"1":0},"b":{},"_coverageSchema":"43e27e138ebf9cfc5966b082cf9a028302ed4184","hash":"fbfe8b79d14d452d2ad981fbad4d013bc98dbe13"}
,"C:\\workspace\\jrcshw\\client\\src\\components\\MenuWindow.js": {"path":"C:\\workspace\\jrcshw\\client\\src\\components\\MenuWindow.js","statementMap":{"0":{"start":{"line":10,"column":19},"end":{"line":28,"column":1}},"1":{"start":{"line":11,"column":18},"end":{"line":11,"column":34}},"2":{"start":{"line":12,"column":4},"end":{"line":16,"column":5}},"3":{"start":{"line":13,"column":21},"end":{"line":13,"column":35}},"4":{"start":{"line":14,"column":8},"end":{"line":14,"column":30}},"5":{"start":{"line":15,"column":8},"end":{"line":15,"column":53}},"6":{"start":{"line":17,"column":23},"end":{"line":17,"column":83}},"7":{"start":{"line":17,"column":48},"end":{"line":17,"column":82}},"8":{"start":{"line":18,"column":4},"end":{"line":18,"column":57}},"9":{"start":{"line":19,"column":4},"end":{"line":19,"column":45}},"10":{"start":{"line":21,"column":4},"end":{"line":27,"column":6}}},"fnMap":{"0":{"name":"(anonymous_0)","decl":{"start":{"line":10,"column":19},"end":{"line":10,"column":20}},"loc":{"start":{"line":10,"column":25},"end":{"line":28,"column":1}},"line":10},"1":{"name":"(anonymous_1)","decl":{"start":{"line":17,"column":40},"end":{"line":17,"column":41}},"loc":{"start":{"line":17,"column":48},"end":{"line":17,"column":82}},"line":17}},"branchMap":{"0":{"loc":{"start":{"line":12,"column":4},"end":{"line":16,"column":5}},"type":"if","locations":[{"start":{"line":12,"column":4},"end":{"line":16,"column":5}},{"start":{"line":12,"column":4},"end":{"line":16,"column":5}}],"line":12}},"s":{"0":1,"1":0,"2":0,"3":0,"4":0,"5":0,"6":0,"7":0,"8":0,"9":0,"10":0},"f":{"0":0,"1":0},"b":{"0":[0,0]},"_coverageSchema":"43e27e138ebf9cfc5966b082cf9a028302ed4184","hash":"142c1981be7012f66a18b12ccd36af754b6efdd3"}
,"C:\\workspace\\jrcshw\\client\\src\\components\\Sidebar.js": {"path":"C:\\workspace\\jrcshw\\client\\src\\components\\Sidebar.js","statementMap":{"0":{"start":{"line":7,"column":16},"end":{"line":13,"column":1}},"1":{"start":{"line":9,"column":8},"end":{"line":11,"column":14}},"2":{"start":{"line":10,"column":27},"end":{"line":10,"column":65}}},"fnMap":{"0":{"name":"(anonymous_0)","decl":{"start":{"line":7,"column":16},"end":{"line":7,"column":17}},"loc":{"start":{"line":9,"column":8},"end":{"line":11,"column":14}},"line":9},"1":{"name":"(anonymous_1)","decl":{"start":{"line":10,"column":19},"end":{"line":10,"column":20}},"loc":{"start":{"line":10,"column":27},"end":{"line":10,"column":65}},"line":10}},"branchMap":{},"s":{"0":1,"1":0,"2":0},"f":{"0":0,"1":0},"b":{},"_coverageSchema":"43e27e138ebf9cfc5966b082cf9a028302ed4184","hash":"370f42374845ba0e35f37e693481e3378f0f0d61"}
,"C:\\workspace\\jrcshw\\client\\src\\components\\Text.js": {"path":"C:\\workspace\\jrcshw\\client\\src\\components\\Text.js","statementMap":{"0":{"start":{"line":10,"column":16},"end":{"line":10,"column":32}},"1":{"start":{"line":11,"column":28},"end":{"line":11,"column":32}},"2":{"start":{"line":13,"column":2},"end":{"line":13,"column":31}},"3":{"start":{"line":14,"column":23},"end":{"line":14,"column":29}},"4":{"start":{"line":16,"column":24},"end":{"line":16,"column":51}},"5":{"start":{"line":17,"column":2},"end":{"line":17,"column":50}},"6":{"start":{"line":19,"column":23},"end":{"line":23,"column":3}},"7":{"start":{"line":20,"column":20},"end":{"line":20,"column":42}},"8":{"start":{"line":21,"column":4},"end":{"line":21,"column":54}},"9":{"start":{"line":22,"column":4},"end":{"line":22,"column":37}},"10":{"start":{"line":25,"column":1},"end":{"line":44,"column":4}}},"fnMap":{"0":{"name":"Text","decl":{"start":{"line":9,"column":9},"end":{"line":9,"column":13}},"loc":{"start":{"line":9,"column":24},"end":{"line":46,"column":1}},"line":9},"1":{"name":"(anonymous_1)","decl":{"start":{"line":19,"column":23},"end":{"line":19,"column":24}},"loc":{"start":{"line":19,"column":46},"end":{"line":23,"column":3}},"line":19}},"branchMap":{},"s":{"0":0,"1":0,"2":0,"3":0,"4":0,"5":0,"6":0,"7":0,"8":0,"9":0,"10":0},"f":{"0":0,"1":0},"b":{},"_coverageSchema":"43e27e138ebf9cfc5966b082cf9a028302ed4184","hash":"bf7bdc6601bec4dbbca699542bf6426f8d252077"}
,"C:\\workspace\\jrcshw\\client\\src\\components\\Title.js": {"path":"C:\\workspace\\jrcshw\\client\\src\\components\\Title.js","statementMap":{"0":{"start":{"line":9,"column":16},"end":{"line":9,"column":32}},"1":{"start":{"line":10,"column":28},"end":{"line":10,"column":32}},"2":{"start":{"line":11,"column":2},"end":{"line":11,"column":31}},"3":{"start":{"line":12,"column":23},"end":{"line":12,"column":29}},"4":{"start":{"line":14,"column":23},"end":{"line":17,"column":3}},"5":{"start":{"line":15,"column":4},"end":{"line":15,"column":50}},"6":{"start":{"line":16,"column":4},"end":{"line":16,"column":37}},"7":{"start":{"line":20,"column":2},"end":{"line":39,"column":4}}},"fnMap":{"0":{"name":"Title","decl":{"start":{"line":8,"column":9},"end":{"line":8,"column":14}},"loc":{"start":{"line":8,"column":25},"end":{"line":41,"column":1}},"line":8},"1":{"name":"(anonymous_1)","decl":{"start":{"line":14,"column":23},"end":{"line":14,"column":24}},"loc":{"start":{"line":14,"column":46},"end":{"line":17,"column":3}},"line":14}},"branchMap":{},"s":{"0":0,"1":0,"2":0,"3":0,"4":0,"5":0,"6":0,"7":0},"f":{"0":0,"1":0},"b":{},"_coverageSchema":"43e27e138ebf9cfc5966b082cf9a028302ed4184","hash":"1ec4bc9071ee19182ce0e05326b630573d72851d"}
,"C:\\workspace\\jrcshw\\client\\src\\components\\static-data.js": {"path":"C:\\workspace\\jrcshw\\client\\src\\components\\static-data.js","statementMap":{"0":{"start":{"line":1,"column":16},"end":{"line":1,"column":34}},"1":{"start":{"line":2,"column":15},"end":{"line":2,"column":32}},"2":{"start":{"line":3,"column":14},"end":{"line":3,"column":30}},"3":{"start":{"line":4,"column":10},"end":{"line":4,"column":27}},"4":{"start":{"line":10,"column":14},"end":{"line":10,"column":29}},"5":{"start":{"line":11,"column":21},"end":{"line":11,"column":35}},"6":{"start":{"line":12,"column":0},"end":{"line":16,"column":3}},"7":{"start":{"line":13,"column":10},"end":{"line":13,"column":18}},"8":{"start":{"line":14,"column":10},"end":{"line":14,"column":18}},"9":{"start":{"line":15,"column":2},"end":{"line":15,"column":36}},"10":{"start":{"line":19,"column":27},"end":{"line":27,"column":1}},"11":{"start":{"line":20,"column":17},"end":{"line":20,"column":19}},"12":{"start":{"line":21,"column":2},"end":{"line":25,"column":5}},"13":{"start":{"line":22,"column":4},"end":{"line":24,"column":6}},"14":{"start":{"line":26,"column":2},"end":{"line":26,"column":18}},"15":{"start":{"line":30,"column":21},"end":{"line":36,"column":1}},"16":{"start":{"line":59,"column":15},"end":{"line":71,"column":5}},"17":{"start":{"line":72,"column":4},"end":{"line":72,"column":16}},"18":{"start":{"line":76,"column":15},"end":{"line":103,"column":3}},"19":{"start":{"line":104,"column":4},"end":{"line":104,"column":16}},"20":{"start":{"line":112,"column":2},"end":{"line":116,"column":4}},"21":{"start":{"line":129,"column":2},"end":{"line":129,"column":72}},"22":{"start":{"line":129,"column":56},"end":{"line":129,"column":70}}},"fnMap":{"0":{"name":"(anonymous_0)","decl":{"start":{"line":12,"column":11},"end":{"line":12,"column":12}},"loc":{"start":{"line":12,"column":25},"end":{"line":16,"column":1}},"line":12},"1":{"name":"(anonymous_1)","decl":{"start":{"line":19,"column":27},"end":{"line":19,"column":28}},"loc":{"start":{"line":19,"column":46},"end":{"line":27,"column":1}},"line":19},"2":{"name":"(anonymous_2)","decl":{"start":{"line":21,"column":19},"end":{"line":21,"column":20}},"loc":{"start":{"line":21,"column":27},"end":{"line":25,"column":3}},"line":21},"3":{"name":"generateMenu","decl":{"start":{"line":58,"column":18},"end":{"line":58,"column":30}},"loc":{"start":{"line":58,"column":32},"end":{"line":73,"column":3}},"line":58},"4":{"name":"generateMenus","decl":{"start":{"line":75,"column":18},"end":{"line":75,"column":31}},"loc":{"start":{"line":75,"column":33},"end":{"line":105,"column":3}},"line":75},"5":{"name":"generateMsg","decl":{"start":{"line":111,"column":9},"end":{"line":111,"column":20}},"loc":{"start":{"line":111,"column":29},"end":{"line":117,"column":1}},"line":111},"6":{"name":"generateMsgs","decl":{"start":{"line":128,"column":9},"end":{"line":128,"column":21}},"loc":{"start":{"line":128,"column":36},"end":{"line":130,"column":1}},"line":128},"7":{"name":"(anonymous_7)","decl":{"start":{"line":129,"column":46},"end":{"line":129,"column":47}},"loc":{"start":{"line":129,"column":56},"end":{"line":129,"column":70}},"line":129}},"branchMap":{"0":{"loc":{"start":{"line":15,"column":9},"end":{"line":15,"column":35}},"type":"cond-expr","locations":[{"start":{"line":15,"column":17},"end":{"line":15,"column":19}},{"start":{"line":15,"column":22},"end":{"line":15,"column":35}}],"line":15},"1":{"loc":{"start":{"line":15,"column":22},"end":{"line":15,"column":35}},"type":"cond-expr","locations":[{"start":{"line":15,"column":30},"end":{"line":15,"column":31}},{"start":{"line":15,"column":34},"end":{"line":15,"column":35}}],"line":15}},"s":{"0":1,"1":1,"2":1,"3":1,"4":1,"5":1,"6":1,"7":1,"8":1,"9":1,"10":1,"11":1,"12":1,"13":2,"14":1,"15":1,"16":4,"17":4,"18":1,"19":1,"20":20,"21":2,"22":20},"f":{"0":1,"1":1,"2":2,"3":4,"4":1,"5":20,"6":2,"7":20},"b":{"0":[1,0],"1":[0,0]},"_coverageSchema":"43e27e138ebf9cfc5966b082cf9a028302ed4184","hash":"be574c5a39a1e4431e045ddd6c0d750ae4386a15"}
,"C:\\workspace\\jrcshw\\client\\src\\constants\\action-types.js": {"path":"C:\\workspace\\jrcshw\\client\\src\\constants\\action-types.js","statementMap":{"0":{"start":{"line":1,"column":34},"end":{"line":1,"column":54}},"1":{"start":{"line":2,"column":26},"end":{"line":2,"column":38}},"2":{"start":{"line":3,"column":29},"end":{"line":3,"column":43}},"3":{"start":{"line":4,"column":25},"end":{"line":4,"column":36}},"4":{"start":{"line":5,"column":27},"end":{"line":5,"column":40}}},"fnMap":{},"branchMap":{},"s":{"0":1,"1":1,"2":1,"3":1,"4":1},"f":{},"b":{},"_coverageSchema":"43e27e138ebf9cfc5966b082cf9a028302ed4184","hash":"45bf09e50a855a5fe9ec49c6529df6f7895c99ef"}
,"C:\\workspace\\jrcshw\\client\\src\\reducers\\activeMenuId.js": {"path":"C:\\workspace\\jrcshw\\client\\src\\reducers\\activeMenuId.js","statementMap":{"0":{"start":{"line":4,"column":4},"end":{"line":9,"column":5}},"1":{"start":{"line":6,"column":12},"end":{"line":6,"column":34}},"2":{"start":{"line":8,"column":12},"end":{"line":8,"column":25}}},"fnMap":{"0":{"name":"activeUserId","decl":{"start":{"line":3,"column":24},"end":{"line":3,"column":36}},"loc":{"start":{"line":3,"column":56},"end":{"line":11,"column":1}},"line":3}},"branchMap":{"0":{"loc":{"start":{"line":3,"column":37},"end":{"line":3,"column":47}},"type":"default-arg","locations":[{"start":{"line":3,"column":43},"end":{"line":3,"column":47}}],"line":3},"1":{"loc":{"start":{"line":4,"column":4},"end":{"line":9,"column":5}},"type":"switch","locations":[{"start":{"line":5,"column":8},"end":{"line":6,"column":34}},{"start":{"line":7,"column":8},"end":{"line":8,"column":25}}],"line":4}},"s":{"0":3,"1":0,"2":3},"f":{"0":3},"b":{"0":[3],"1":[0,3]},"_coverageSchema":"43e27e138ebf9cfc5966b082cf9a028302ed4184","hash":"b2d303636ceb607893afba3c074a531968c23e1a"}
,"C:\\workspace\\jrcshw\\client\\src\\reducers\\editing.js": {"path":"C:\\workspace\\jrcshw\\client\\src\\reducers\\editing.js","statementMap":{"0":{"start":{"line":4,"column":4},"end":{"line":15,"column":5}},"1":{"start":{"line":6,"column":8},"end":{"line":6,"column":36}},"2":{"start":{"line":8,"column":8},"end":{"line":8,"column":42}},"3":{"start":{"line":10,"column":8},"end":{"line":10,"column":36}},"4":{"start":{"line":12,"column":8},"end":{"line":12,"column":42}},"5":{"start":{"line":14,"column":8},"end":{"line":14,"column":21}}},"fnMap":{"0":{"name":"typing","decl":{"start":{"line":3,"column":24},"end":{"line":3,"column":30}},"loc":{"start":{"line":3,"column":48},"end":{"line":16,"column":1}},"line":3}},"branchMap":{"0":{"loc":{"start":{"line":3,"column":31},"end":{"line":3,"column":39}},"type":"default-arg","locations":[{"start":{"line":3,"column":37},"end":{"line":3,"column":39}}],"line":3},"1":{"loc":{"start":{"line":4,"column":4},"end":{"line":15,"column":5}},"type":"switch","locations":[{"start":{"line":5,"column":4},"end":{"line":6,"column":36}},{"start":{"line":7,"column":4},"end":{"line":8,"column":42}},{"start":{"line":9,"column":4},"end":{"line":10,"column":36}},{"start":{"line":11,"column":4},"end":{"line":12,"column":42}},{"start":{"line":13,"column":4},"end":{"line":14,"column":21}}],"line":4}},"s":{"0":3,"1":0,"2":0,"3":0,"4":0,"5":3},"f":{"0":3},"b":{"0":[3],"1":[0,0,0,0,3]},"_coverageSchema":"43e27e138ebf9cfc5966b082cf9a028302ed4184","hash":"52b9e8d6238a6efeeb6fe95d35156d645adab9de"}
,"C:\\workspace\\jrcshw\\client\\src\\reducers\\index.js": {"path":"C:\\workspace\\jrcshw\\client\\src\\reducers\\index.js","statementMap":{},"fnMap":{},"branchMap":{},"s":{},"f":{},"b":{},"_coverageSchema":"43e27e138ebf9cfc5966b082cf9a028302ed4184","hash":"5c2ccd87199ca87d5568797371c061dd13b35c0c"}
,"C:\\workspace\\jrcshw\\client\\src\\reducers\\items.js": {"path":"C:\\workspace\\jrcshw\\client\\src\\reducers\\items.js","statementMap":{"0":{"start":{"line":4,"column":4},"end":{"line":4,"column":17}}},"fnMap":{"0":{"name":"(anonymous_0)","decl":{"start":{"line":3,"column":15},"end":{"line":3,"column":16}},"loc":{"start":{"line":3,"column":42},"end":{"line":5,"column":1}},"line":3}},"branchMap":{"0":{"loc":{"start":{"line":3,"column":16},"end":{"line":3,"column":29}},"type":"default-arg","locations":[{"start":{"line":3,"column":24},"end":{"line":3,"column":29}}],"line":3}},"s":{"0":3},"f":{"0":3},"b":{"0":[3]},"_coverageSchema":"43e27e138ebf9cfc5966b082cf9a028302ed4184","hash":"3c80f87690c96e6c099344a856cd09e6e4e5a961"}
,"C:\\workspace\\jrcshw\\client\\src\\reducers\\menu.js": {"path":"C:\\workspace\\jrcshw\\client\\src\\reducers\\menu.js","statementMap":{"0":{"start":{"line":4,"column":4},"end":{"line":4,"column":17}}},"fnMap":{"0":{"name":"menu","decl":{"start":{"line":3,"column":24},"end":{"line":3,"column":28}},"loc":{"start":{"line":3,"column":61},"end":{"line":5,"column":1}},"line":3}},"branchMap":{"0":{"loc":{"start":{"line":3,"column":29},"end":{"line":3,"column":51}},"type":"default-arg","locations":[{"start":{"line":3,"column":37},"end":{"line":3,"column":51}}],"line":3}},"s":{"0":3},"f":{"0":3},"b":{"0":[3]},"_coverageSchema":"43e27e138ebf9cfc5966b082cf9a028302ed4184","hash":"aa560ddc9fd5b841bde330d5f382e9c466991d18"}
,"C:\\workspace\\jrcshw\\client\\src\\store\\index.js": {"path":"C:\\workspace\\jrcshw\\client\\src\\store\\index.js","statementMap":{"0":{"start":{"line":4,"column":14},"end":{"line":4,"column":34}}},"fnMap":{},"branchMap":{},"s":{"0":1},"f":{},"b":{},"_coverageSchema":"43e27e138ebf9cfc5966b082cf9a028302ed4184","hash":"1b96a5ac374fa258560863458ae6f27910fc7e65"}
,"C:\\workspace\\jrcshw\\client\\src\\views\\Home.js": {"path":"C:\\workspace\\jrcshw\\client\\src\\views\\Home.js","statementMap":{"0":{"start":{"line":11,"column":44},"end":{"line":11,"column":60}},"1":{"start":{"line":12,"column":8},"end":{"line":19,"column":10}}},"fnMap":{"0":{"name":"(anonymous_0)","decl":{"start":{"line":10,"column":4},"end":{"line":10,"column":5}},"loc":{"start":{"line":10,"column":12},"end":{"line":20,"column":5}},"line":10}},"branchMap":{},"s":{"0":1,"1":1},"f":{"0":1},"b":{},"_coverageSchema":"43e27e138ebf9cfc5966b082cf9a028302ed4184","hash":"c7273d3990853961189c97debb2d3daebdc46e39"}
}
